<?xml version="1.0" encoding="UTF-8"?>
<!-- Generated by org.testng.reporters.JUnitXMLReporter -->
<testsuite hostname="SCL258" name="Default test" tests="7" failures="0" timestamp="23 Aug 2020 15:06:38 GMT" time="12.125" errors="0">
  <testcase name="testWeatherMenu" time="8.0" classname="com.test.cases.TestWeatherReport"/>
  <testcase name="testPinCity" time="0.687" classname="com.test.cases.TestWeatherReport"/>
  <testcase name="testDetailNDTVReport" time="0.624" classname="com.test.cases.TestWeatherReport"/>
  <testcase name="testAPIWeatherDetails" time="2.696" classname="com.test.cases.TestWeatherReport"/>
  <testcase name="testHumidityVariance" time="0.008" classname="com.test.cases.TestWeatherReport"/>
  <testcase name="testTempVariance" time="0.002" classname="com.test.cases.TestWeatherReport"/>
  <testcase name="testWindSpeedVariance" time="0.002" classname="com.test.cases.TestWeatherReport"/>
</testsuite> <!-- Default test -->
