<?xml version="1.0" encoding="UTF-8"?>
<!-- Generated by org.testng.reporters.JUnitXMLReporter -->
<testsuite hostname="SCL258" name="Chrome Test" tests="5" failures="1" timestamp="23 Aug 2020 10:20:52 GMT" time="0.854" errors="0">
  <testcase name="testWeatherMenu" time="0.015" classname="com.test.cases.TestWeatherReport">
    <failure type="java.lang.NullPointerException">
      <![CDATA[java.lang.NullPointerException
	at com.test.cases.TestWeatherReport.testWeatherMenu(TestWeatherReport.java:102)
... Removed 24 stack frames]]>
    </failure>
  </testcase> <!-- testWeatherMenu -->
  <testcase name="testPinCity" time="0.0" classname="com.test.cases.TestWeatherReport">
    <skipped/>
  </testcase> <!-- testPinCity -->
  <testcase name="testDetailNDTVReport" time="0.0" classname="com.test.cases.TestWeatherReport">
    <skipped/>
  </testcase> <!-- testDetailNDTVReport -->
  <testcase name="testAPIWeatherDetails" time="0.0" classname="com.test.cases.TestWeatherReport">
    <skipped/>
  </testcase> <!-- testAPIWeatherDetails -->
  <testcase name="testVarianceComparator" time="0.001" classname="com.test.cases.TestWeatherReport">
    <skipped/>
  </testcase> <!-- testVarianceComparator -->
</testsuite> <!-- Chrome Test -->
