<?xml version="1.0" encoding="UTF-8"?>
<!-- Generated by org.testng.reporters.JUnitXMLReporter -->
<testsuite hostname="SCL258" name="Firefox Test" tests="5" failures="0" timestamp="23 Aug 2020 10:23:00 GMT" time="0.082" errors="0">
  <testcase name="@BeforeSuite initialize" time="0.0" classname="com.test.cases.TestWeatherReport">
    <failure type="org.testng.TestNGException" message="
Parameter &amp;apos;browser&amp;apos; is required by @Configuration on method initialize but has not been marked @Optional or defined
in C:\Users\shipra.gupta\workspacenew2\WeatherReport\src\main\resources\test-Suite.xml">
      <![CDATA[org.testng.TestNGException: 
Parameter 'browser' is required by @Configuration on method initialize but has not been marked @Optional or defined
in C:\Users\shipra.gupta\workspacenew2\WeatherReport\src\main\resources\test-Suite.xml
... Removed 15 stack frames]]>
    </failure>
  </testcase> <!-- @BeforeSuite initialize -->
  <testcase name="@BeforeTest clear" time="0.0" classname="com.test.cases.TestWeatherReport">
    <skipped/>
  </testcase> <!-- @BeforeTest clear -->
  <testcase name="@AfterMethod takeScreenShotOnFailure" time="0.0" classname="com.test.cases.TestWeatherReport">
    <skipped/>
  </testcase> <!-- @AfterMethod takeScreenShotOnFailure -->
  <testcase name="testWeatherMenu" time="0.011" classname="com.test.cases.TestWeatherReport">
    <skipped/>
  </testcase> <!-- testWeatherMenu -->
  <testcase name="testPinCity" time="0.001" classname="com.test.cases.TestWeatherReport">
    <skipped/>
  </testcase> <!-- testPinCity -->
  <testcase name="testDetailNDTVReport" time="0.001" classname="com.test.cases.TestWeatherReport">
    <skipped/>
  </testcase> <!-- testDetailNDTVReport -->
  <testcase name="testAPIWeatherDetails" time="0.001" classname="com.test.cases.TestWeatherReport">
    <skipped/>
  </testcase> <!-- testAPIWeatherDetails -->
  <testcase name="testVarianceComparator" time="0.001" classname="com.test.cases.TestWeatherReport">
    <skipped/>
  </testcase> <!-- testVarianceComparator -->
</testsuite> <!-- Firefox Test -->
