<?xml version="1.0" encoding="UTF-8"?>
<!-- Generated by org.testng.reporters.JUnitXMLReporter -->
<testsuite hostname="SCL258" name="IE Test" tests="5" failures="0" timestamp="23 Aug 2020 10:21:09 GMT" time="16.973" errors="0">
  <testcase name="testWeatherMenu" time="2.309" classname="com.test.cases.TestWeatherReport"/>
  <testcase name="testPinCity" time="10.558" classname="com.test.cases.TestWeatherReport"/>
  <testcase name="testDetailNDTVReport" time="0.193" classname="com.test.cases.TestWeatherReport"/>
  <testcase name="testAPIWeatherDetails" time="3.877" classname="com.test.cases.TestWeatherReport"/>
  <testcase name="testVarianceComparator" time="0.007" classname="com.test.cases.TestWeatherReport"/>
</testsuite> <!-- IE Test -->
